<?xml version="1.0" encoding="UTF-8"?>
<testsuite name="com.moodanalyzertest.MoodAnalyzerTest" tests="1" skipped="0" failures="0" errors="0" timestamp="2019-11-26T06:17:31" hostname="admin1-desktop" time="0.0">
  <properties/>
  <testcase name="IfInputIsInConstructorIs_SadMood_ShouldReturnSad" classname="com.moodanalyzertest.MoodAnalyzerTest" time="0.0"/>
  <system-out><![CDATA[]]></system-out>
  <system-err><![CDATA[]]></system-err>
</testsuite>
