<?xml version="1.0" encoding="UTF-8"?>
<testsuite name="com.moodanalyzertest.MoodAnalyzerTest" tests="1" skipped="0" failures="0" errors="0" timestamp="2019-11-26T07:05:21" hostname="admin1-desktop" time="0.001">
  <properties/>
  <testcase name="givenMethod_ToHandleCustomeException_ShouldReturnMessage" classname="com.moodanalyzertest.MoodAnalyzerTest" time="0.001"/>
  <system-out><![CDATA[]]></system-out>
  <system-err><![CDATA[]]></system-err>
</testsuite>
