<?xml version="1.0" encoding="UTF-8"?>
<testsuite name="com.moodanalyzertest.MoodAnalyzerTest" tests="1" skipped="0" failures="0" errors="0" timestamp="2019-11-27T13:29:33" hostname="admin1-desktop" time="0.001">
  <properties/>
  <testcase name="givenMoodAnalyserImproperClassNameShouldReturnException" classname="com.moodanalyzertest.MoodAnalyzerTest" time="0.001"/>
  <system-out><![CDATA[]]></system-out>
  <system-err><![CDATA[]]></system-err>
</testsuite>
